<?xml version="1.0" encoding="utf-8"?>
<shfbBuild product="Sandcastle Help File Builder and Tools" version="2023.7.8.0" projectFile="C:\Users\carra\Desktop\NuevoDiseño\Documentacion\Documentacion.shfbproj" started="18/12/2023 13:10:32">
<buildStep step="Initializing">
The Sandcastle tools are located in &#39;C:\Program Files (x86)\EWSoftware\Sandcastle Help File Builder&#39;
Locating components in the following folder(s):
    C:\Users\carra\Desktop\NuevoDise&#241;o\Documentacion
    C:\ProgramData\EWSoftware\Sandcastle Help File Builder\Components and Plug-Ins
    C:\Program Files (x86)\EWSoftware\Sandcastle Help File Builder\Components
Using framework reflection data for &#39;.NET Core/.NET Standard/.NET 5.0+&#39; located in &#39;C:\Program Files (x86)\EWSoftware\Sandcastle Help File Builder\Data\.NET&#39;
Using presentation style &#39;VS2013&#39; located in &#39;C:\Program Files (x86)\EWSoftware\Sandcastle Help File Builder\Components\VS2013&#39;
Searching for HTML Help 1 compiler...
Found HTML Help 1 compiler in &#39;C:\Program Files (x86)\HTML Help Workshop\&#39;
Loading and initializing plug-ins...
Lightweight Website Style Version 2023.7.8.0
Copyright &#169; 2006-2023, Eric Woodruff, All Rights Reserved
Portions Copyright &#169; 2014, Sam Harwell, All Rights Reserved
</buildStep>
<buildStep step="ClearWorkFolder">
Clearing working folder...
-------------------------------
Clearing any prior web/markdown output...
</buildStep>
<buildStep step="ValidatingDocumentationSources">
Validating and copying documentation source information
Source: C:\Users\carra\Desktop\NuevoDise&#241;o\mainWin.sln
    Found project &#39;C:\Users\carra\Desktop\NuevoDise&#241;o\mainWin\mainWin.csproj&#39;

Parsing project files
    Found assembly &#39;C:\Users\carra\Desktop\NuevoDise&#241;o\mainWin\bin\Release\net7.0-windows7.0\RepairFlow System.dll&#39; (.NETCoreApp 7.0)

References to include:
    Accessibility
    BouncyCastle.Cryptography
    Castle.Core
    FontAwesome.WPF
    Google.Protobuf
    K4os.Compression.LZ4
    K4os.Compression.LZ4.Streams
    K4os.Hash.xxHash
    Microsoft.AspNet.Identity.Core
    Microsoft.CSharp
    Microsoft.EntityFrameworkCore
    Microsoft.EntityFrameworkCore.Abstractions
    Microsoft.EntityFrameworkCore.Proxies
    Microsoft.EntityFrameworkCore.Relational
    Microsoft.Extensions.Caching.Abstractions
    Microsoft.Extensions.Caching.Memory
    Microsoft.Extensions.Configuration.Abstractions
    Microsoft.Extensions.DependencyInjection
    Microsoft.Extensions.DependencyInjection.Abstractions
    Microsoft.Extensions.DependencyModel
    Microsoft.Extensions.Logging
    Microsoft.Extensions.Logging.Abstractions
    Microsoft.Extensions.Options
    Microsoft.Extensions.Primitives
    Microsoft.VisualBasic
    Microsoft.VisualBasic.Core
    Microsoft.VisualBasic.Forms
    Microsoft.Win32.Primitives
    Microsoft.Win32.Registry
    Microsoft.Win32.Registry.AccessControl
    Microsoft.Win32.SystemEvents
    Mono.TextTemplating
    mscorlib
    MySql.Data
    MySqlConnector
    netstandard
    Pomelo.EntityFrameworkCore.MySql
    PresentationCore
    PresentationFramework
    PresentationFramework.Aero
    PresentationFramework.Aero2
    PresentationFramework.AeroLite
    PresentationFramework.Classic
    PresentationFramework.Luna
    PresentationFramework.Royale
    PresentationUI
    ReachFramework
    System
    System.AppContext
    System.Buffers
    System.CodeDom
    System.Collections
    System.Collections.Concurrent
    System.Collections.Immutable
    System.Collections.NonGeneric
    System.Collections.Specialized
    System.ComponentModel
    System.ComponentModel.Annotations
    System.ComponentModel.DataAnnotations
    System.ComponentModel.EventBasedAsync
    System.ComponentModel.Primitives
    System.ComponentModel.TypeConverter
    System.Configuration
    System.Configuration.ConfigurationManager
    System.Console
    System.Core
    System.Data
    System.Data.Common
    System.Data.DataSetExtensions
    System.Data.OleDb
    System.Design
    System.Diagnostics.Contracts
    System.Diagnostics.Debug
    System.Diagnostics.DiagnosticSource
    System.Diagnostics.EventLog
    System.Diagnostics.FileVersionInfo
    System.Diagnostics.PerformanceCounter
    System.Diagnostics.Process
    System.Diagnostics.StackTrace
    System.Diagnostics.TextWriterTraceListener
    System.Diagnostics.Tools
    System.Diagnostics.TraceSource
    System.Diagnostics.Tracing
    System.DirectoryServices
    System.Drawing
    System.Drawing.Common
    System.Drawing.Design
    System.Drawing.Primitives
    System.Dynamic.Runtime
    System.Formats.Asn1
    System.Formats.Tar
    System.Globalization
    System.Globalization.Calendars
    System.Globalization.Extensions
    System.IO
    System.IO.Compression
    System.IO.Compression.Brotli
    System.IO.Compression.FileSystem
    System.IO.Compression.ZipFile
    System.IO.FileSystem
    System.IO.FileSystem.AccessControl
    System.IO.FileSystem.DriveInfo
    System.IO.FileSystem.Primitives
    System.IO.FileSystem.Watcher
    System.IO.IsolatedStorage
    System.IO.MemoryMappedFiles
    System.IO.Packaging
    System.IO.Pipelines
    System.IO.Pipes
    System.IO.Pipes.AccessControl
    System.IO.UnmanagedMemoryStream
    System.Linq
    System.Linq.Expressions
    System.Linq.Parallel
    System.Linq.Queryable
    System.Memory
    System.Net
    System.Net.Http
    System.Net.Http.Json
    System.Net.HttpListener
    System.Net.Mail
    System.Net.NameResolution
    System.Net.NetworkInformation
    System.Net.Ping
    System.Net.Primitives
    System.Net.Quic
    System.Net.Requests
    System.Net.Security
    System.Net.ServicePoint
    System.Net.Sockets
    System.Net.WebClient
    System.Net.WebHeaderCollection
    System.Net.WebProxy
    System.Net.WebSockets
    System.Net.WebSockets.Client
    System.Numerics
    System.Numerics.Vectors
    System.ObjectModel
    System.Printing
    System.Reflection
    System.Reflection.DispatchProxy
    System.Reflection.Emit
    System.Reflection.Emit.ILGeneration
    System.Reflection.Emit.Lightweight
    System.Reflection.Extensions
    System.Reflection.Metadata
    System.Reflection.Primitives
    System.Reflection.TypeExtensions
    System.Resources.Extensions
    System.Resources.Reader
    System.Resources.ResourceManager
    System.Resources.Writer
    System.Runtime
    System.Runtime.CompilerServices.Unsafe
    System.Runtime.CompilerServices.VisualC
    System.Runtime.Extensions
    System.Runtime.Handles
    System.Runtime.InteropServices
    System.Runtime.InteropServices.JavaScript
    System.Runtime.InteropServices.RuntimeInformation
    System.Runtime.Intrinsics
    System.Runtime.Loader
    System.Runtime.Numerics
    System.Runtime.Serialization
    System.Runtime.Serialization.Formatters
    System.Runtime.Serialization.Json
    System.Runtime.Serialization.Primitives
    System.Runtime.Serialization.Xml
    System.Security
    System.Security.AccessControl
    System.Security.Claims
    System.Security.Cryptography
    System.Security.Cryptography.Algorithms
    System.Security.Cryptography.Cng
    System.Security.Cryptography.Csp
    System.Security.Cryptography.Encoding
    System.Security.Cryptography.OpenSsl
    System.Security.Cryptography.Pkcs
    System.Security.Cryptography.Primitives
    System.Security.Cryptography.ProtectedData
    System.Security.Cryptography.X509Certificates
    System.Security.Cryptography.Xml
    System.Security.Permissions
    System.Security.Principal
    System.Security.Principal.Windows
    System.Security.SecureString
    System.ServiceModel.Web
    System.ServiceProcess
    System.Text.Encoding
    System.Text.Encoding.CodePages
    System.Text.Encoding.Extensions
    System.Text.Encodings.Web
    System.Text.Json
    System.Text.RegularExpressions
    System.Threading
    System.Threading.AccessControl
    System.Threading.Channels
    System.Threading.Overlapped
    System.Threading.Tasks
    System.Threading.Tasks.Dataflow
    System.Threading.Tasks.Extensions
    System.Threading.Tasks.Parallel
    System.Threading.Thread
    System.Threading.ThreadPool
    System.Threading.Timer
    System.Transactions
    System.Transactions.Local
    System.ValueTuple
    System.Web
    System.Web.HttpUtility
    System.Windows
    System.Windows.Controls.Ribbon
    System.Windows.Extensions
    System.Windows.Forms
    System.Windows.Forms.Design
    System.Windows.Forms.Design.Editors
    System.Windows.Forms.Primitives
    System.Windows.Input.Manipulations
    System.Windows.Presentation
    System.Xaml
    System.Xml
    System.Xml.Linq
    System.Xml.ReaderWriter
    System.Xml.Serialization
    System.Xml.XDocument
    System.Xml.XmlDocument
    System.Xml.XmlSerializer
    System.Xml.XPath
    System.Xml.XPath.XDocument
    UIAutomationClient
    UIAutomationClientSideProviders
    UIAutomationProvider
    UIAutomationTypes
    WindowsBase
    WindowsFormsIntegration
    ZstdSharp
SHFB: Warning BE0062: No documentation source XML comments files found.  The help file will not contain any member comments.
</buildStep>
<buildStep step="GenerateSharedContent">
Generating shared content files (es-ES, Espa&#241;ol (Espa&#241;a))...
<plugIn name="Lightweight Website Style" behavior="After" priority="1000">
</plugIn>    Last step completed in 00:00:00,0090
</buildStep>
<buildStep step="GenerateApiFilter">
Generating API filter for MRefBuilder...
    Last step completed in 00:00:00,0020
</buildStep>
<buildStep step="GenerateReflectionInfo">
Generating reflection information...
[C:\Program Files\Microsoft Visual Studio\2022\Community\MSBuild\Current\Bin\amd64\MSBuild.exe - GenerateRefInfo-9416d405-66e2-470f-8e1c-b0967d89b676.proj]
Compilaci&#162;n iniciada a las 18/12/2023 13:10:32.

Proyecto &quot;C:\Users\carra\Desktop\NuevoDise&#164;o\Documentacion\Help\Working\GenerateRefInfo-9416d405-66e2-470f-8e1c-b0967d89b676.proj&quot; en nodo 1 (destinos predeterminados).
PrepareForBuild:
  Creando directorio &quot;obj\Debug\&quot;.
GenerateRefInfo:
  Microsoft.Build (v17.8.3+195e7f5a3a8e51c37d83cd9e54cb99dc3fc69c22)
  &#184; Microsoft Corporation. All rights reserved.
  No source code context base path specified.  Source context information is unavailable.
  Loaded 1 assemblies for reflection and 240 dependency assemblies.
  Wrote information on 5 namespaces, 58 types, and 300 members
  Merging duplicate type and member information
  Merged 0 duplicate type(s) and 0 duplicate member(s)
Compilaci&#162;n del proyecto terminada &quot;C:\Users\carra\Desktop\NuevoDise&#164;o\Documentacion\Help\Working\GenerateRefInfo-9416d405-66e2-470f-8e1c-b0967d89b676.proj&quot; (destinos predeterminados).
    Last step completed in 00:00:01,4714
</buildStep>
<buildStep step="ApplyDocumentModel">
Applying document model to reflection output...
    Last step completed in 00:00:00,3880
</buildStep>
<buildStep step="AddApiTopicFilenames">
Adding topic filenames to API members...
    Last step completed in 00:00:00,2180
</buildStep>
<buildStep step="GenerateApiTopicManifest">
Generating API topic manifest...
    Last step completed in 00:00:00,0981
</buildStep>
<buildStep step="GenerateNamespaceSummaries">
Generating namespace summary information...
    Last step completed in 00:00:00,8808
</buildStep>
<buildStep step="GenerateInheritedDocumentation">
Generating inherited documentation...
[C:\Program Files\Microsoft Visual Studio\2022\Community\MSBuild\Current\Bin\amd64\MSBuild.exe - GenerateInheritedDocs.proj]

    Last step completed in 00:00:02,1569
</buildStep>
<buildStep step="CopyConceptualContent">
Copying conceptual content...
Checking for token files...
Checking for code snippets files...
Copying images and creating the media map file...
Generating conceptual topic files
    Parsing topic file &#39;C:\Users\carra\Desktop\NuevoDise&#241;o\Documentacion\Content\Welcome.aml&#39;
    C:\Users\carra\Desktop\NuevoDise&#241;o\Documentacion\Content\Welcome.aml -&gt; C:\Users\carra\Desktop\NuevoDise&#241;o\Documentacion\Help\Working\ddueXml\08e4341f-794f-41c8-9d1f-9229fbc64f77.xml
    Parsing topic file &#39;C:\Users\carra\Desktop\NuevoDise&#241;o\Documentacion\Content\VersionHistory\VersionHistory.aml&#39;
    C:\Users\carra\Desktop\NuevoDise&#241;o\Documentacion\Content\VersionHistory\VersionHistory.aml -&gt; C:\Users\carra\Desktop\NuevoDise&#241;o\Documentacion\Help\Working\ddueXml\418b1655-46ae-463c-ad3f-321bd3d47857.xml
    Parsing topic file &#39;C:\Users\carra\Desktop\NuevoDise&#241;o\Documentacion\Content\VersionHistory\v1.0.0.0.aml&#39;
    C:\Users\carra\Desktop\NuevoDise&#241;o\Documentacion\Content\VersionHistory\v1.0.0.0.aml -&gt; C:\Users\carra\Desktop\NuevoDise&#241;o\Documentacion\Help\Working\ddueXml\30d98b7e-f1ba-42c7-b8c7-fe364921e74c.xml
    Last step completed in 00:00:00,0260
</buildStep>
<buildStep step="CreateConceptualTopicConfigs">
Creating conceptual topic configuration files...
    Companion files
    _ContentMetadata_.xml
    Merging topic IDs into reference topic manifest file
    Last step completed in 00:00:00,0100
</buildStep>
<buildStep step="CopyAdditionalContent">
Copying additional content files...
C:\Users\carra\Desktop\NuevoDise&#241;o\Documentacion\icons\Help.png -&gt; C:\Users\carra\Desktop\NuevoDise&#241;o\Documentacion\Help\Working\Output\HtmlHelp1\icons\Help.png
C:\Users\carra\Desktop\NuevoDise&#241;o\Documentacion\icons\Help.png -&gt; C:\Users\carra\Desktop\NuevoDise&#241;o\Documentacion\Help\Working\Output\MSHelpViewer\icons\Help.png
C:\Users\carra\Desktop\NuevoDise&#241;o\Documentacion\icons\Help.png -&gt; C:\Users\carra\Desktop\NuevoDise&#241;o\Documentacion\Help\Working\Output\Website\icons\Help.png
    Last step completed in 00:00:00,0076
</buildStep>
<buildStep step="MergeTablesOfContents">
Merging conceptual and additional tables of contents...
    Last step completed in 00:00:00,0030
</buildStep>
<buildStep step="GenerateIntermediateTableOfContents">
Generating intermediate table of contents file for API content...
Generating conceptual content intermediate TOC file...
    Last step completed in 00:00:00,1642
</buildStep>
<buildStep step="CreateBuildAssemblerConfigs">
Creating Sandcastle configuration files...
    Last step completed in 00:00:00,7845
</buildStep>
<buildStep step="CombiningIntermediateTocFiles">
Combining conceptual and API intermediate TOC files...
    Last step completed in 00:00:00,0156
</buildStep>
<buildStep step="MergeCustomConfigs">
Merging custom build component configurations
C:\Users\carra\Desktop\NuevoDise&#241;o\Documentacion\Help\Working\BuildAssembler.config
  Updating reference topic configurations.
  Updating conceptual topic configurations.
    Removing unused ExampleComponent.
    Last step completed in 00:00:00,0156
</buildStep>
<buildStep step="BuildTopics">
Building help topics...
Loading configuration...
    Last step completed in 00:00:01,3436
</buildStep>
<buildStep step="Canceled">

SHFB: Error BE0064: BUILD CANCELLED BY USER

</buildStep>
</shfbBuild>
